IOIO-OTG/projeto/src/applications/HelloIOIO/build/outputs/logs/manifest-merger-debug-report.txt
-- Merging decision tree log ---
manifest
ADDED from src\main\AndroidManifest.xml:2:1-27:12
	package
		ADDED from src\main\AndroidManifest.xml:3:52-81
	android:versionName
		ADDED from src\main\AndroidManifest.xml:3:26-51
		INJECTED from src\main\AndroidManifest.xml
		INJECTED from src\main\AndroidManifest.xml
	android:versionCode
		ADDED from src\main\AndroidManifest.xml:3:2-25
		INJECTED from src\main\AndroidManifest.xml
		INJECTED from src\main\AndroidManifest.xml
	xmlns:android
		ADDED from src\main\AndroidManifest.xml:2:11-69
uses-sdk
ADDED from src\main\AndroidManifest.xml:4:2-70
	android:targetSdkVersion
		ADDED from src\main\AndroidManifest.xml:4:12-41
	android:minSdkVersion
		ADDED from src\main\AndroidManifest.xml:4:42-67
application
ADDED from src\main\AndroidManifest.xml:5:2-26:16
	android:label
		ADDED from src\main\AndroidManifest.xml:5:45-77
	android:icon
		ADDED from src\main\AndroidManifest.xml:5:15-44
uses-library#com.android.future.usb.accessory
ADDED from src\main\AndroidManifest.xml:6:3-7:31
	android:required
		ADDED from src\main\AndroidManifest.xml:7:4-28
	android:name
		ADDED from src\main\AndroidManifest.xml:6:17-64
activity#ioio.examples.hello.MainActivity
ADDED from src\main\AndroidManifest.xml:8:3-25:14
	android:label
		ADDED from src\main\AndroidManifest.xml:8:13-45
	android:launchMode
		ADDED from src\main\AndroidManifest.xml:9:4-35
	android:name
		ADDED from src\main\AndroidManifest.xml:8:46-73
intent-filter#android.intent.action.MAIN+android.intent.category.LAUNCHER
ADDED from src\main\AndroidManifest.xml:10:4-13:20
action#android.intent.action.MAIN
ADDED from src\main\AndroidManifest.xml:11:5-57
	android:name
		ADDED from src\main\AndroidManifest.xml:11:13-54
category#android.intent.category.LAUNCHER
ADDED from src\main\AndroidManifest.xml:12:5-65
	android:name
		ADDED from src\main\AndroidManifest.xml:12:15-62
intent-filter#android.hardware.usb.action.USB_ACCESSORY_ATTACHED
ADDED from src\main\AndroidManifest.xml:14:4-16:20
action#android.hardware.usb.action.USB_ACCESSORY_ATTACHED
ADDED from src\main\AndroidManifest.xml:15:5-81
	android:name
		ADDED from src\main\AndroidManifest.xml:15:13-78
intent-filter#android.hardware.usb.action.USB_DEVICE_ATTACHED
ADDED from src\main\AndroidManifest.xml:17:4-19:20
action#android.hardware.usb.action.USB_DEVICE_ATTACHED
ADDED from src\main\AndroidManifest.xml:18:5-78
	android:name
		ADDED from src\main\AndroidManifest.xml:18:13-75
meta-data#android.hardware.usb.action.USB_ACCESSORY_ATTACHED
ADDED from src\main\AndroidManifest.xml:20:4-21:48
	android:resource
		ADDED from src\main\AndroidManifest.xml:21:5-45
	android:name
		ADDED from src\main\AndroidManifest.xml:20:15-80
meta-data#android.hardware.usb.action.USB_DEVICE_ATTACHED
ADDED from src\main\AndroidManifest.xml:22:4-23:45
	android:resource
		ADDED from src\main\AndroidManifest.xml:23:5-42
	android:name
		ADDED from src\main\AndroidManifest.xml:22:15-77
uses-permission#android.permission.INTERNET
ADDED from [com.github.ytai.ioio:IOIOLibAndroid:5.07] AndroidManifest.xml:7:5-67
MERGED from [com.github.ytai.ioio:IOIOLibAndroid:5.07] AndroidManifest.xml:7:5-67
MERGED from [com.github.ytai.ioio:IOIOLibAndroid:5.07] AndroidManifest.xml:7:5-67
MERGED from [com.github.ytai.ioio:IOIOLibAndroid:5.07] AndroidManifest.xml:7:5-67
	android:name
		ADDED from [com.github.ytai.ioio:IOIOLibAndroid:5.07] AndroidManifest.xml:7:22-64
android:uses-permission#android.permission.WRITE_EXTERNAL_STORAGE
IMPLIED from src\main\AndroidManifest.xml:2:1-27:12 reason: ioio.lib has a targetSdkVersion < 4
android:uses-permission#android.permission.READ_PHONE_STATE
IMPLIED from src\main\AndroidManifest.xml:2:1-27:12 reason: ioio.lib has a targetSdkVersion < 4
android:uses-permission#android.permission.READ_EXTERNAL_STORAGE
IMPLIED from src\main\AndroidManifest.xml:2:1-27:12 reason: ioio.lib requested WRITE_EXTERNAL_STORAGE
uses-permission#android.permission.BLUETOOTH
ADDED from [com.github.ytai.ioio:IOIOLibAndroidBluetooth:5.07] AndroidManifest.xml:7:5-68
	android:name
		ADDED from [com.github.ytai.ioio:IOIOLibAndroidBluetooth:5.07] AndroidManifest.xml:7:22-65
uses-feature#android.hardware.usb.accessory
ADDED from [com.github.ytai.ioio:IOIOLibAndroidAccessory:5.07] AndroidManifest.xml:7:5-9:36
	android:required
		ADDED from [com.github.ytai.ioio:IOIOLibAndroidAccessory:5.07] AndroidManifest.xml:9:9-33
	android:name
		ADDED from [com.github.ytai.ioio:IOIOLibAndroidAccessory:5.07] AndroidManifest.xml:8:9-54
uses-feature#android.hardware.usb.host
ADDED from [com.github.ytai.ioio:IOIOLibAndroidDevice:5.07] AndroidManifest.xml:7:5-9:36
	android:required
		ADDED from [com.github.ytai.ioio:IOIOLibAndroidDevice:5.07] AndroidManifest.xml:9:9-33
	android:name
		ADDED from [com.github.ytai.ioio:IOIOLibAndroidDevice:5.07] AndroidManifest.xml:8:9-49